d:\mycode\vs\test\studentmanagement\studentmanagement\x64\release\vc120.pdb
d:\mycode\vs\test\studentmanagement\studentmanagement\x64\release\stu_tab.obj
d:\mycode\vs\test\studentmanagement\studentmanagement\x64\release\score_tab.obj
d:\mycode\vs\test\studentmanagement\studentmanagement\x64\release\mainwindow.obj
d:\mycode\vs\test\studentmanagement\studentmanagement\x64\release\main.obj
d:\mycode\vs\test\studentmanagement\studentmanagement\x64\release\moc_stu_tab.obj
d:\mycode\vs\test\studentmanagement\studentmanagement\x64\release\moc_score_tab.obj
d:\mycode\vs\test\studentmanagement\studentmanagement\x64\release\moc_mainwindow.obj
d:\mycode\vs\test\studentmanagement\studentmanagement\x64\release\moc_course_tab.obj
d:\mycode\vs\test\studentmanagement\studentmanagement\x64\release\moc_class_tab.obj
d:\mycode\vs\test\studentmanagement\studentmanagement\x64\release\moc_add_scoredlg.obj
d:\mycode\vs\test\studentmanagement\studentmanagement\x64\release\moc_add_classdlg.obj
d:\mycode\vs\test\studentmanagement\studentmanagement\x64\release\moc_addstudlg.obj
d:\mycode\vs\test\studentmanagement\studentmanagement\x64\release\moc_addcoursedlg.obj
d:\mycode\vs\test\studentmanagement\studentmanagement\x64\release\course_tab.obj
d:\mycode\vs\test\studentmanagement\studentmanagement\x64\release\class_tab.obj
d:\mycode\vs\test\studentmanagement\studentmanagement\x64\release\add_scoredlg.obj
d:\mycode\vs\test\studentmanagement\studentmanagement\x64\release\add_classdlg.obj
d:\mycode\vs\test\studentmanagement\studentmanagement\x64\release\addstudlg.obj
d:\mycode\vs\test\studentmanagement\studentmanagement\x64\release\addcoursedlg.obj
d:\mycode\vs\test\studentmanagement\studentmanagement\x64\release\qrc_mainwindow.obj
d:\mycode\vs\test\studentmanagement\studentmanagement\x64\release\teacher_tab.obj
d:\mycode\vs\test\studentmanagement\studentmanagement\x64\release\moc_teacher_tab.obj
d:\mycode\vs\test\studentmanagement\studentmanagement\generatedfiles\ui_mainwindow.h
d:\mycode\vs\test\studentmanagement\studentmanagement\generatedfiles\release\moc_addstudlg.cpp
d:\mycode\vs\test\studentmanagement\studentmanagement\generatedfiles\release\moc_addcoursedlg.cpp
d:\mycode\vs\test\studentmanagement\studentmanagement\generatedfiles\release\moc_class_tab.cpp
d:\mycode\vs\test\studentmanagement\studentmanagement\generatedfiles\release\moc_add_classdlg.cpp
d:\mycode\vs\test\studentmanagement\studentmanagement\generatedfiles\release\moc_add_scoredlg.cpp
d:\mycode\vs\test\studentmanagement\studentmanagement\generatedfiles\qrc_mainwindow.cpp
d:\mycode\vs\test\studentmanagement\studentmanagement\generatedfiles\ui_stu_tab.h
d:\mycode\vs\test\studentmanagement\studentmanagement\generatedfiles\ui_course_tab.h
d:\mycode\vs\test\studentmanagement\studentmanagement\generatedfiles\ui_score_tab.h
d:\mycode\vs\test\studentmanagement\studentmanagement\generatedfiles\ui_addstudlg.h
d:\mycode\vs\test\studentmanagement\studentmanagement\generatedfiles\ui_addcoursedlg.h
d:\mycode\vs\test\studentmanagement\studentmanagement\generatedfiles\ui_class_tab.h
d:\mycode\vs\test\studentmanagement\studentmanagement\generatedfiles\ui_add_classdlg.h
d:\mycode\vs\test\studentmanagement\studentmanagement\generatedfiles\ui_add_scoredlg.h
d:\mycode\vs\test\studentmanagement\studentmanagement\generatedfiles\release\moc_course_tab.cpp
d:\mycode\vs\test\studentmanagement\studentmanagement\generatedfiles\release\moc_score_tab.cpp
d:\mycode\vs\test\studentmanagement\studentmanagement\generatedfiles\release\moc_stu_tab.cpp
d:\mycode\vs\test\studentmanagement\studentmanagement\generatedfiles\release\moc_mainwindow.cpp
d:\mycode\vs\test\studentmanagement\studentmanagement\generatedfiles\release\moc_teacher_tab.cpp
d:\mycode\vs\test\studentmanagement\studentmanagement\generatedfiles\ui_teacher_tab.h
d:\mycode\vs\test\studentmanagement\x64\release\studentmanagement.ilk
d:\mycode\vs\test\studentmanagement\x64\release\studentmanagement.exe
d:\mycode\vs\test\studentmanagement\x64\release\studentmanagement.pdb
d:\mycode\vs\test\studentmanagement\studentmanagement\x64\release\studentm.b12702ad.tlog\cl.command.1.tlog
d:\mycode\vs\test\studentmanagement\studentmanagement\x64\release\studentm.b12702ad.tlog\cl.read.1.tlog
d:\mycode\vs\test\studentmanagement\studentmanagement\x64\release\studentm.b12702ad.tlog\cl.write.1.tlog
d:\mycode\vs\test\studentmanagement\studentmanagement\x64\release\studentm.b12702ad.tlog\custombuild.command.1.tlog
d:\mycode\vs\test\studentmanagement\studentmanagement\x64\release\studentm.b12702ad.tlog\custombuild.read.1.tlog
d:\mycode\vs\test\studentmanagement\studentmanagement\x64\release\studentm.b12702ad.tlog\custombuild.write.1.tlog
d:\mycode\vs\test\studentmanagement\studentmanagement\x64\release\studentm.b12702ad.tlog\link.command.1.tlog
d:\mycode\vs\test\studentmanagement\studentmanagement\x64\release\studentm.b12702ad.tlog\link.read.1.tlog
d:\mycode\vs\test\studentmanagement\studentmanagement\x64\release\studentm.b12702ad.tlog\link.write.1.tlog
